2005.03.08 11:52 B C:\public_html\images\emoticons\blush.gif <-- My HostRocket Account /public_html/images/emoticons blush.gif
2005.03.08 11:52 B C:\public_html\images\emoticons\cool.gif <-- My HostRocket Account /public_html/images/emoticons cool.gif
2005.03.08 11:52 B C:\public_html\images\emoticons\cowblush.gif <-- My HostRocket Account /public_html/images/emoticons cowblush.gif
2005.03.08 11:52 B C:\public_html\images\emoticons\cowcool.gif <-- My HostRocket Account /public_html/images/emoticons cowcool.gif
2005.03.08 11:52 B C:\public_html\images\emoticons\cowhappy.gif <-- My HostRocket Account /public_html/images/emoticons cowhappy.gif
2005.03.08 11:52 B C:\public_html\images\emoticons\cowlaugh.gif <-- My HostRocket Account /public_html/images/emoticons cowlaugh.gif
2005.03.08 11:52 B C:\public_html\images\emoticons\cowmad.gif <-- My HostRocket Account /public_html/images/emoticons cowmad.gif
2005.03.08 11:52 B C:\public_html\images\emoticons\cowoh.gif <-- My HostRocket Account /public_html/images/emoticons cowoh.gif
2005.03.08 11:52 B C:\public_html\images\emoticons\cowsad.gif <-- My HostRocket Account /public_html/images/emoticons cowsad.gif
2005.03.08 11:52 B C:\public_html\images\emoticons\cowsealed.gif <-- My HostRocket Account /public_html/images/emoticons cowsealed.gif
2005.03.08 11:52 B C:\public_html\images\emoticons\cowsurp.gif <-- My HostRocket Account /public_html/images/emoticons cowsurp.gif
2005.03.08 11:52 B C:\public_html\images\emoticons\cowtongue.gif <-- My HostRocket Account /public_html/images/emoticons cowtongue.gif
2005.03.08 11:52 B C:\public_html\images\emoticons\cowunsure.gif <-- My HostRocket Account /public_html/images/emoticons cowunsure.gif
2005.03.08 11:52 B C:\public_html\images\emoticons\cowwink.gif <-- My HostRocket Account /public_html/images/emoticons cowwink.gif
2005.03.08 11:52 B C:\public_html\images\emoticons\evilcool.gif <-- My HostRocket Account /public_html/images/emoticons evilcool.gif
2005.03.08 11:52 B C:\public_html\images\emoticons\evilhappy.gif <-- My HostRocket Account /public_html/images/emoticons evilhappy.gif
2005.03.08 11:52 B C:\public_html\images\emoticons\evillaugh.gif <-- My HostRocket Account /public_html/images/emoticons evillaugh.gif
2005.03.08 11:52 B C:\public_html\images\emoticons\evilmad.gif <-- My HostRocket Account /public_html/images/emoticons evilmad.gif
2005.03.08 11:52 B C:\public_html\images\emoticons\eviloh.gif <-- My HostRocket Account /public_html/images/emoticons eviloh.gif
2005.03.08 11:52 B C:\public_html\images\emoticons\evilsad.gif <-- My HostRocket Account /public_html/images/emoticons evilsad.gif
2005.03.08 11:52 B C:\public_html\images\emoticons\evilsealed.gif <-- My HostRocket Account /public_html/images/emoticons evilsealed.gif
2005.03.08 11:52 B C:\public_html\images\emoticons\evilsurp.gif <-- My HostRocket Account /public_html/images/emoticons evilsurp.gif
2005.03.08 11:52 B C:\public_html\images\emoticons\eviltongue.gif <-- My HostRocket Account /public_html/images/emoticons eviltongue.gif
2005.03.08 11:52 B C:\public_html\images\emoticons\evilunsure.gif <-- My HostRocket Account /public_html/images/emoticons evilunsure.gif
2005.03.08 11:52 B C:\public_html\images\emoticons\evilwink.gif <-- My HostRocket Account /public_html/images/emoticons evilwink.gif
2005.03.08 11:52 B C:\public_html\images\emoticons\happy.gif <-- My HostRocket Account /public_html/images/emoticons happy.gif
2005.03.08 11:52 B C:\public_html\images\emoticons\laugh.gif <-- My HostRocket Account /public_html/images/emoticons laugh.gif
2005.03.08 11:52 B C:\public_html\images\emoticons\mad.gif <-- My HostRocket Account /public_html/images/emoticons mad.gif
2005.03.08 11:52 B C:\public_html\images\emoticons\oh.gif <-- My HostRocket Account /public_html/images/emoticons oh.gif
2005.03.08 11:52 B C:\public_html\images\emoticons\pirateblush.gif <-- My HostRocket Account /public_html/images/emoticons pirateblush.gif
2005.03.08 11:52 B C:\public_html\images\emoticons\piratecool.gif <-- My HostRocket Account /public_html/images/emoticons piratecool.gif
2005.03.08 11:52 B C:\public_html\images\emoticons\piratehappy.gif <-- My HostRocket Account /public_html/images/emoticons piratehappy.gif
2005.03.08 11:52 B C:\public_html\images\emoticons\piratelaugh.gif <-- My HostRocket Account /public_html/images/emoticons piratelaugh.gif
2005.03.08 11:52 B C:\public_html\images\emoticons\piratemad.gif <-- My HostRocket Account /public_html/images/emoticons piratemad.gif
2005.03.08 11:52 B C:\public_html\images\emoticons\pirateoh.gif <-- My HostRocket Account /public_html/images/emoticons pirateoh.gif
2005.03.08 11:52 B C:\public_html\images\emoticons\piratesad.gif <-- My HostRocket Account /public_html/images/emoticons piratesad.gif
2005.03.08 11:52 B C:\public_html\images\emoticons\piratesealed.gif <-- My HostRocket Account /public_html/images/emoticons piratesealed.gif
2005.03.08 11:52 B C:\public_html\images\emoticons\piratesurp.gif <-- My HostRocket Account /public_html/images/emoticons piratesurp.gif
2005.03.08 11:52 B C:\public_html\images\emoticons\piratetongue.gif <-- My HostRocket Account /public_html/images/emoticons piratetongue.gif
2005.03.08 11:52 B C:\public_html\images\emoticons\pirateunsure.gif <-- My HostRocket Account /public_html/images/emoticons pirateunsure.gif
2005.03.08 11:52 B C:\public_html\images\emoticons\piratewink.gif <-- My HostRocket Account /public_html/images/emoticons piratewink.gif
2005.03.08 11:52 B C:\public_html\images\emoticons\sad.gif <-- My HostRocket Account /public_html/images/emoticons sad.gif
2005.03.08 11:52 B C:\public_html\images\emoticons\sealed.gif <-- My HostRocket Account /public_html/images/emoticons sealed.gif
2005.03.08 11:52 B C:\public_html\images\emoticons\surp.gif <-- My HostRocket Account /public_html/images/emoticons surp.gif
2005.03.08 11:52 B C:\public_html\images\emoticons\tongue.gif <-- My HostRocket Account /public_html/images/emoticons tongue.gif
2005.03.08 11:52 B C:\public_html\images\emoticons\unsure.gif <-- My HostRocket Account /public_html/images/emoticons unsure.gif
2005.03.08 11:52 B C:\public_html\images\emoticons\warblush.gif <-- My HostRocket Account /public_html/images/emoticons warblush.gif
2005.03.08 11:52 B C:\public_html\images\emoticons\warcool.gif <-- My HostRocket Account /public_html/images/emoticons warcool.gif
2005.03.08 11:52 B C:\public_html\images\emoticons\warhappy.gif <-- My HostRocket Account /public_html/images/emoticons warhappy.gif
2005.03.08 11:52 B C:\public_html\images\emoticons\warlaugh.gif <-- My HostRocket Account /public_html/images/emoticons warlaugh.gif
2005.03.08 11:52 B C:\public_html\images\emoticons\warmad.gif <-- My HostRocket Account /public_html/images/emoticons warmad.gif
2005.03.08 11:52 B C:\public_html\images\emoticons\waroh.gif <-- My HostRocket Account /public_html/images/emoticons waroh.gif
2005.03.08 11:52 B C:\public_html\images\emoticons\warsad.gif <-- My HostRocket Account /public_html/images/emoticons warsad.gif
2005.03.08 11:52 B C:\public_html\images\emoticons\warsealed.gif <-- My HostRocket Account /public_html/images/emoticons warsealed.gif
2005.03.08 11:52 B C:\public_html\images\emoticons\warsurp.gif <-- My HostRocket Account /public_html/images/emoticons warsurp.gif
2005.03.08 11:52 B C:\public_html\images\emoticons\wartongue.gif <-- My HostRocket Account /public_html/images/emoticons wartongue.gif
2005.03.08 11:52 B C:\public_html\images\emoticons\warunsure.gif <-- My HostRocket Account /public_html/images/emoticons warunsure.gif
2005.03.08 11:52 B C:\public_html\images\emoticons\warwink.gif <-- My HostRocket Account /public_html/images/emoticons warwink.gif
2005.03.08 11:52 B C:\public_html\images\emoticons\wink.gif <-- My HostRocket Account /public_html/images/emoticons wink.gif
